Release 14.6 - xst P.68d (nt)
Copyright (c) 1995-2013 Xilinx, Inc.  All rights reserved.
--> Parameter TMPDIR set to xst/projnav.tmp


Total REAL time to Xst completion: 0.00 secs
Total CPU time to Xst completion: 0.40 secs
 
--> Parameter xsthdpdir set to xst


Total REAL time to Xst completion: 0.00 secs
Total CPU time to Xst completion: 0.40 secs
 
--> Reading design: RAM_REGS.prj

TABLE OF CONTENTS
  1) Synthesis Options Summary
  2) HDL Compilation
  3) Design Hierarchy Analysis
  4) HDL Analysis
  5) HDL Synthesis
     5.1) HDL Synthesis Report
  6) Advanced HDL Synthesis
     6.1) Advanced HDL Synthesis Report
  7) Low Level Synthesis
  8) Partition Report
  9) Final Report
	9.1) Device utilization summary
	9.2) Partition Resource Summary
	9.3) TIMING REPORT


=========================================================================
*                      Synthesis Options Summary                        *
=========================================================================
---- Source Parameters
Input File Name                    : "RAM_REGS.prj"
Input Format                       : mixed
Ignore Synthesis Constraint File   : NO

---- Target Parameters
Output File Name                   : "RAM_REGS"
Output Format                      : NGC
Target Device                      : xc3s500e-4-fg320

---- Source Options
Top Module Name                    : RAM_REGS
Automatic FSM Extraction           : YES
FSM Encoding Algorithm             : Auto
Safe Implementation                : No
FSM Style                          : LUT
RAM Extraction                     : Yes
RAM Style                          : Auto
ROM Extraction                     : Yes
Mux Style                          : Auto
Decoder Extraction                 : YES
Priority Encoder Extraction        : Yes
Shift Register Extraction          : YES
Logical Shifter Extraction         : YES
XOR Collapsing                     : YES
ROM Style                          : Auto
Mux Extraction                     : Yes
Resource Sharing                   : YES
Asynchronous To Synchronous        : NO
Multiplier Style                   : Auto
Automatic Register Balancing       : Yes

---- Target Options
Add IO Buffers                     : YES
Global Maximum Fanout              : 100000
Add Generic Clock Buffer(BUFG)     : 24
Register Duplication               : YES
Move First FlipFlop Stage          : YES
Move Last FlipFlop Stage           : YES
Slice Packing                      : YES
Optimize Instantiated Primitives   : NO
Use Clock Enable                   : Yes
Use Synchronous Set                : Yes
Use Synchronous Reset              : Yes
Pack IO Registers into IOBs        : True
Equivalent register Removal        : YES

---- General Options
Optimization Goal                  : Speed
Optimization Effort                : 2
Keep Hierarchy                     : No
Netlist Hierarchy                  : As_Optimized
RTL Output                         : Yes
Global Optimization                : AllClockNets
Read Cores                         : YES
Write Timing Constraints           : NO
Cross Clock Analysis               : NO
Hierarchy Separator                : /
Bus Delimiter                      : <>
Case Specifier                     : Maintain
Slice Utilization Ratio            : 100
BRAM Utilization Ratio             : 100
Verilog 2001                       : YES
Auto BRAM Packing                  : NO
Slice Utilization Ratio Delta      : 5

=========================================================================


=========================================================================
*                          HDL Compilation                              *
=========================================================================
Compiling vhdl file "C:/Documents and Settings/Procesador_RISC_32bits/RAM_REGS.vhd" in Library work.
Architecture behavioral of Entity ram_regs is up to date.

=========================================================================
*                     Design Hierarchy Analysis                         *
=========================================================================
Analyzing hierarchy for entity <RAM_REGS> in library <work> (architecture <behavioral>) with generics.
	addr_width = 5
	data_width = 32


=========================================================================
*                            HDL Analysis                               *
=========================================================================
Analyzing generic Entity <RAM_REGS> in library <work> (Architecture <behavioral>).
	addr_width = 5
	data_width = 32
Entity <RAM_REGS> analyzed. Unit <RAM_REGS> generated.


=========================================================================
*                           HDL Synthesis                               *
=========================================================================

Performing bidirectional port resolution...

Synthesizing Unit <RAM_REGS>.
    Related source file is "C:/Documents and Settings/Procesador_RISC_32bits/RAM_REGS.vhd".
    Found 32x32-bit dual-port RAM <Mram_ram_3_ports> for signal <ram_3_ports>.
    Found 32x32-bit dual-port RAM <Mram_ram_3_ports_ren> for signal <ram_3_ports>.
    Summary:
	inferred   2 RAM(s).
Unit <RAM_REGS> synthesized.


=========================================================================
HDL Synthesis Report

Macro Statistics
# RAMs                                                 : 2
 32x32-bit dual-port RAM                               : 2

=========================================================================

=========================================================================
*                       Advanced HDL Synthesis                          *
=========================================================================


Synthesizing (advanced) Unit <RAM_REGS>.
INFO:Xst:3218 - HDL ADVISOR - The RAM <Mram_ram_3_ports> will be implemented on LUTs either because you have described an asynchronous read or because of currently unsupported block RAM features. If you have described an asynchronous read, making it synchronous would allow you to take advantage of available block RAM resources, for optimized device usage and improved timings. Please refer to your documentation for coding guidelines.
    -----------------------------------------------------------------------
    | ram_type           | Distributed                         |          |
    -----------------------------------------------------------------------
    | Port A                                                              |
    |     aspect ratio   | 32-word x 32-bit                    |          |
    |     clkA           | connected to signal <clk>           | rise     |
    |     weA            | connected to signal <WEN>           | high     |
    |     addrA          | connected to signal <WADDR>         |          |
    |     diA            | connected to signal <WDATA>         |          |
    -----------------------------------------------------------------------
    | Port B                                                              |
    |     aspect ratio   | 32-word x 32-bit                    |          |
    |     addrB          | connected to signal <RADDR1>        |          |
    |     doB            | connected to signal <DATA1>         |          |
    -----------------------------------------------------------------------
INFO:Xst:3218 - HDL ADVISOR - The RAM <Mram_ram_3_ports_ren> will be implemented on LUTs either because you have described an asynchronous read or because of currently unsupported block RAM features. If you have described an asynchronous read, making it synchronous would allow you to take advantage of available block RAM resources, for optimized device usage and improved timings. Please refer to your documentation for coding guidelines.
    -----------------------------------------------------------------------
    | ram_type           | Distributed                         |          |
    -----------------------------------------------------------------------
    | Port A                                                              |
    |     aspect ratio   | 32-word x 32-bit                    |          |
    |     clkA           | connected to signal <clk>           | rise     |
    |     weA            | connected to signal <WEN>           | high     |
    |     addrA          | connected to signal <WADDR>         |          |
    |     diA            | connected to signal <WDATA>         |          |
    -----------------------------------------------------------------------
    | Port B                                                              |
    |     aspect ratio   | 32-word x 32-bit                    |          |
    |     addrB          | connected to signal <RADDR2>        |          |
    |     doB            | connected to signal <DATA2>         |          |
    -----------------------------------------------------------------------
Unit <RAM_REGS> synthesized (advanced).

=========================================================================
Advanced HDL Synthesis Report

Macro Statistics
# RAMs                                                 : 2
 32x32-bit dual-port distributed RAM                   : 2

=========================================================================

=========================================================================
*                         Low Level Synthesis                           *
=========================================================================

Optimizing unit <RAM_REGS> ...

Mapping all equations...
Building and optimizing final netlist ...
Found area constraint ratio of 100 (+ 5) on block RAM_REGS, actual ratio is 2.

Final Macro Processing ...

=========================================================================
Final Register Report

Found no macro
=========================================================================

=========================================================================
*                           Partition Report                            *
=========================================================================

Partition Implementation Status
-------------------------------

  No Partitions were found in this design.

-------------------------------

=========================================================================
*                            Final Report                               *
=========================================================================
Final Results
RTL Top Level Output File Name     : RAM_REGS.ngr
Top Level Output File Name         : RAM_REGS
Output Format                      : NGC
Optimization Goal                  : Speed
Keep Hierarchy                     : No

Design Statistics
# IOs                              : 113

Cell Usage :
# BELS                             : 66
#      LUT2                        : 2
#      LUT3                        : 64
# RAMS                             : 128
#      RAM16X1D                    : 128
# Clock Buffers                    : 1
#      BUFGP                       : 1
# IO Buffers                       : 112
#      IBUF                        : 48
#      OBUF                        : 64
=========================================================================

Device utilization summary:
---------------------------

Selected Device : 3s500efg320-4 

 Number of Slices:                      122  out of   4656     2%  
 Number of 4 input LUTs:                322  out of   9312     3%  
    Number used as logic:                66
    Number used as RAMs:                256
 Number of IOs:                         113
 Number of bonded IOBs:                 113  out of    232    48%  
 Number of GCLKs:                         1  out of     24     4%  

---------------------------
Partition Resource Summary:
---------------------------

  No Partitions were found in this design.

---------------------------


=========================================================================
TIMING REPORT

NOTE: THESE TIMING NUMBERS ARE ONLY A SYNTHESIS ESTIMATE.
      FOR ACCURATE TIMING INFORMATION PLEASE REFER TO THE TRACE REPORT
      GENERATED AFTER PLACE-and-ROUTE.

Clock Information:
------------------
-----------------------------------+------------------------+-------+
Clock Signal                       | Clock buffer(FF name)  | Load  |
-----------------------------------+------------------------+-------+
clk                                | BUFGP                  | 128   |
-----------------------------------+------------------------+-------+

Asynchronous Control Signals Information:
----------------------------------------
No asynchronous control signals found in this design

Timing Summary:
---------------
Speed Grade: -4

   Minimum period: No path found
   Minimum input arrival time before clock: 4.208ns
   Maximum output required time after clock: 6.796ns
   Maximum combinational path delay: 8.089ns

Timing Detail:
--------------
All values displayed in nanoseconds (ns)

=========================================================================
Timing constraint: Default OFFSET IN BEFORE for Clock 'clk'
  Total number of paths / destination ports: 1408 / 1280
-------------------------------------------------------------------------
Offset:              4.208ns (Levels of Logic = 2)
  Source:            WADDR<4> (PAD)
  Destination:       Mram_ram_3_ports1 (RAM)
  Destination Clock: clk rising

  Data Path: WADDR<4> to Mram_ram_3_ports1
                                Gate     Net
    Cell:in->out      fanout   Delay   Delay  Logical Name (Net Name)
    ----------------------------------------  ------------
     IBUF:I->O             2   1.218   0.622  WADDR_4_IBUF (WADDR_4_IBUF)
     LUT2:I0->O           64   0.704   1.272  write_ctrl1 (write_ctrl1)
     RAM16X1D:WE               0.392          Mram_ram_3_ports2
    ----------------------------------------
    Total                      4.208ns (2.314ns logic, 1.894ns route)
                                       (55.0% logic, 45.0% route)

=========================================================================
Timing constraint: Default OFFSET OUT AFTER for Clock 'clk'
  Total number of paths / destination ports: 128 / 64
-------------------------------------------------------------------------
Offset:              6.796ns (Levels of Logic = 2)
  Source:            Mram_ram_3_ports63 (RAM)
  Destination:       DATA1<31> (PAD)
  Source Clock:      clk rising

  Data Path: Mram_ram_3_ports63 to DATA1<31>
                                Gate     Net
    Cell:in->out      fanout   Delay   Delay  Logical Name (Net Name)
    ----------------------------------------  ------------
     RAM16X1D:WCLK->DPO    1   1.901   0.499  Mram_ram_3_ports63 (N129)
     LUT3:I1->O            1   0.704   0.420  inst_LPM_MUX31111 (DATA1_31_OBUF)
     OBUF:I->O                 3.272          DATA1_31_OBUF (DATA1<31>)
    ----------------------------------------
    Total                      6.796ns (5.877ns logic, 0.919ns route)
                                       (86.5% logic, 13.5% route)

=========================================================================
Timing constraint: Default path analysis
  Total number of paths / destination ports: 576 / 64
-------------------------------------------------------------------------
Delay:               8.089ns (Levels of Logic = 4)
  Source:            RADDR1<0> (PAD)
  Destination:       DATA1<31> (PAD)

  Data Path: RADDR1<0> to DATA1<31>
                                Gate     Net
    Cell:in->out      fanout   Delay   Delay  Logical Name (Net Name)
    ----------------------------------------  ------------
     IBUF:I->O            64   1.218   1.272  RADDR1_0_IBUF (RADDR1_0_IBUF)
     RAM16X1D:DPRA0->DPO    1   0.704   0.499  Mram_ram_3_ports1 (N5)
     LUT3:I1->O            1   0.704   0.420  inst_LPM_MUX11 (DATA1_0_OBUF)
     OBUF:I->O                 3.272          DATA1_0_OBUF (DATA1<0>)
    ----------------------------------------
    Total                      8.089ns (5.898ns logic, 2.191ns route)
                                       (72.9% logic, 27.1% route)

=========================================================================


Total REAL time to Xst completion: 11.00 secs
Total CPU time to Xst completion: 10.71 secs
 
--> 

Total memory usage is 162900 kilobytes

Number of errors   :    0 (   0 filtered)
Number of warnings :    0 (   0 filtered)
Number of infos    :    2 (   0 filtered)

